

/******************************************************************************************
* ReadStepFile diagnostics.
* Date:                           Tue Sep 20 12:10:58 2016
* Produced by:                    The EXPRESS Data Manager Version 5.02.0100.07 : 28 Aug 2013
* Module:                         EDMstepFileFactory/EDMstandAlone
* Host:                           DESKTOP-F6QHJUV
* Database:                       C:\Users\th\AppData\Local\Temp\{B834E55D-D31F-4911-9634-34235270942D}\ifc
* Database version:               5507
* Database creation date:         Tue Sep 20 12:10:57 2016
* Model to populate:              DataRepository.ifcimport
* Header model to populate:       
* Step file name:                 SuD-Referenzmodell_VA.IFC
* EDMuser:                        sdai-user
* EDMgroup:                       sdai-group
* License ID and type:            5605 : Permanent license. Expiry date: 
* EDMstepFileFactory options:     010201000002
******************************************************************************************/


------------------------------------------------------------------------------------------------
 Operation terminated successfully.
------------------------------------------------------------------------------------------------

